<?xml version="1.0" encoding="UTF-8"?>
<robot generator="Robot 3.2.1 (Python 3.8.5 on win32)" generated="20210103 17:55:19.828" rpa="false">
<suite id="s1" name="Amazon" source="C:\Development\robot-script\amazon\tests\amazon.robot">
<test id="s1-t1" name="User must sign in to check out">
<kw name="Being Web Test" library="Common" type="setup">
<kw name="Open Browser" library="SeleniumLibrary">
<doc>Opens a new browser instance to the optional ``url``.</doc>
<arguments>
<arg>about:blank</arg>
<arg>firefox</arg>
</arguments>
<msg timestamp="20210103 17:55:20.084" level="INFO">Opening browser 'firefox' to base url 'about:blank'.</msg>
<msg timestamp="20210103 17:55:20.086" level="INFO">Firefox driver log is always forced to to: C:\Development\robot-script\amazon\results\geckodriver-16.log</msg>
<status status="PASS" starttime="20210103 17:55:20.084" endtime="20210103 17:55:26.998"></status>
</kw>
<kw name="Maximize Browser Window" library="SeleniumLibrary">
<doc>Maximizes current browser window.</doc>
<status status="PASS" starttime="20210103 17:55:26.999" endtime="20210103 17:55:27.003"></status>
</kw>
<status status="PASS" starttime="20210103 17:55:20.084" endtime="20210103 17:55:27.004"></status>
</kw>
<kw name="Search for Product" library="Amazon">
<kw name="Go To" library="SeleniumLibrary">
<doc>Navigates the current browser window to the provided ``url``.</doc>
<arguments>
<arg>http://www.amazon.com</arg>
</arguments>
<msg timestamp="20210103 17:55:27.006" level="INFO">Opening url 'http://www.amazon.com'</msg>
<status status="PASS" starttime="20210103 17:55:27.005" endtime="20210103 17:55:29.594"></status>
</kw>
<kw name="Wait Until Page Contains" library="SeleniumLibrary">
<doc>Waits until ``text`` appears on the current page.</doc>
<arguments>
<arg>All</arg>
</arguments>
<status status="PASS" starttime="20210103 17:55:29.594" endtime="20210103 17:55:29.661"></status>
</kw>
<kw name="Input Text" library="SeleniumLibrary">
<doc>Types the given ``text`` into the text field identified by ``locator``.</doc>
<arguments>
<arg>id=twotabsearchtextbox</arg>
<arg>Ferrari 458</arg>
</arguments>
<msg timestamp="20210103 17:55:29.661" level="INFO">Typing text 'Ferrari 458' into text field 'id=twotabsearchtextbox'.</msg>
<status status="PASS" starttime="20210103 17:55:29.661" endtime="20210103 17:55:29.978"></status>
</kw>
<kw name="Click Button" library="SeleniumLibrary">
<doc>Clicks the button identified by ``locator``.</doc>
<arguments>
<arg>id=nav-search-submit-button</arg>
</arguments>
<msg timestamp="20210103 17:55:29.979" level="INFO">Clicking button 'id=nav-search-submit-button'.</msg>
<status status="PASS" starttime="20210103 17:55:29.979" endtime="20210103 17:55:32.055"></status>
</kw>
<status status="PASS" starttime="20210103 17:55:27.005" endtime="20210103 17:55:32.056"></status>
</kw>
<kw name="Select Product" library="Amazon">
<kw name="Click Element" library="SeleniumLibrary">
<doc>Click the element identified by ``locator``.</doc>
<arguments>
<arg>xpath=//*[@id="search"]/div[1]/div[2]/div/span[3]/div[2]/div[1]/div/span/div/div/span/a/div/img</arg>
</arguments>
<msg timestamp="20210103 17:55:32.058" level="INFO">Clicking element 'xpath=//*[@id="search"]/div[1]/div[2]/div/span[3]/div[2]/div[1]/div/span/div/div/span/a/div/img'.</msg>
<status status="PASS" starttime="20210103 17:55:32.057" endtime="20210103 17:55:34.347"></status>
</kw>
<kw name="Wait Until Page Contains" library="SeleniumLibrary">
<doc>Waits until ``text`` appears on the current page.</doc>
<arguments>
<arg>Back to results</arg>
</arguments>
<status status="PASS" starttime="20210103 17:55:34.347" endtime="20210103 17:55:34.444"></status>
</kw>
<status status="PASS" starttime="20210103 17:55:32.056" endtime="20210103 17:55:34.444"></status>
</kw>
<kw name="Add Product to Cart" library="Amazon">
<kw name="Click Button" library="SeleniumLibrary">
<doc>Clicks the button identified by ``locator``.</doc>
<arguments>
<arg>id=add-to-cart-button</arg>
</arguments>
<msg timestamp="20210103 17:55:34.446" level="INFO">Clicking button 'id=add-to-cart-button'.</msg>
<status status="PASS" starttime="20210103 17:55:34.445" endtime="20210103 17:55:38.061"></status>
</kw>
<kw name="Wait Until Page Contains" library="SeleniumLibrary">
<doc>Waits until ``text`` appears on the current page.</doc>
<arguments>
<arg>Added to Cart</arg>
</arguments>
<status status="PASS" starttime="20210103 17:55:38.062" endtime="20210103 17:55:38.098"></status>
</kw>
<status status="PASS" starttime="20210103 17:55:34.445" endtime="20210103 17:55:38.098"></status>
</kw>
<kw name="Begin Checkout" library="Amazon">
<kw name="Click Element" library="SeleniumLibrary">
<doc>Click the element identified by ``locator``.</doc>
<arguments>
<arg>id=hlb-ptc-btn-native</arg>
</arguments>
<msg timestamp="20210103 17:55:38.104" level="INFO">Clicking element 'id=hlb-ptc-btn-native'.</msg>
<status status="PASS" starttime="20210103 17:55:38.104" endtime="20210103 17:55:40.080"></status>
</kw>
<kw name="Wait Until Page Contains" library="SeleniumLibrary">
<doc>Waits until ``text`` appears on the current page.</doc>
<arguments>
<arg>Sign-In</arg>
</arguments>
<status status="PASS" starttime="20210103 17:55:40.081" endtime="20210103 17:55:40.112"></status>
</kw>
<status status="PASS" starttime="20210103 17:55:38.103" endtime="20210103 17:55:40.113"></status>
</kw>
<kw name="End Web Test" library="Common" type="teardown">
<kw name="Close Browser" library="SeleniumLibrary">
<doc>Closes the current browser.</doc>
<status status="PASS" starttime="20210103 17:55:40.114" endtime="20210103 17:55:41.760"></status>
</kw>
<status status="PASS" starttime="20210103 17:55:40.114" endtime="20210103 17:55:41.761"></status>
</kw>
<doc>This is some basic info about the test</doc>
<tags>
<tag>Smoke</tag>
</tags>
<status status="PASS" starttime="20210103 17:55:20.083" endtime="20210103 17:55:41.761" critical="yes"></status>
</test>
<doc>This is some basic info about the whole suite</doc>
<status status="PASS" starttime="20210103 17:55:19.830" endtime="20210103 17:55:41.763"></status>
</suite>
<statistics>
<total>
<stat pass="1" fail="0">Critical Tests</stat>
<stat pass="1" fail="0">All Tests</stat>
</total>
<tag>
<stat pass="1" fail="0">Smoke</stat>
</tag>
<suite>
<stat pass="1" fail="0" id="s1" name="Amazon">Amazon</stat>
</suite>
</statistics>
<errors>
</errors>
</robot>
